INFO 2019/04/24 17:35:51 Trying to resolve absolute path to .
INFO 2019/04/24 17:35:51 adding /Users/andrey/Documents/repo/go/src/github.com/insolar/insolar to paths to search
INFO 2019/04/24 17:35:51 Attempting to read in config file
DEBUG 2019/04/24 17:35:51 Reading file:  scripts/insolard/insolar.yaml
2019-04-24T17:35:51.810243+03:00 INF log/log.go:100 > Starts with configuration:
host:
  transport:
    protocol: TCP
    address: 127.0.0.1:53837
    fixedpublicaddress: ""
  infinitybootstrap: false
  mintimeout: 1
  maxtimeout: 60
  timeoutmult: 2
  signmessages: false
  handshakesessionttl: 5000
service:
  skip: 10
  cachedirectory: network_cache
ledger:
  storage:
    datadirectory: ./data
    txretriesonconflict: 3
  pulsemanager:
    splitthreshold: 1000
  lightchainlimit: 5
  exporter:
    exportlag: 40
  pendingrequestslimit: 1000
log:
  level: debug
  adapter: zerolog
  formatter: text
metrics:
  listenaddress: 0.0.0.0:9090
  namespace: insolar
  zpagesenabled: true
  reportingperiod: 0s
logicrunner:
  rpclisten: 127.0.0.1:28112
  rpcprotocol: tcp
  builtin: {}
  goplugin:
    runnerlisten: 127.0.0.1:28111
    runnerprotocol: tcp
apirunner:
  address: localhost:19101
  call: /api/call
  rpc: /api/rpc
  timeout: 15
pulsar:
  connectiontype: tcp
  mainlisteneraddress: 0.0.0.0:18090
  storage:
    datadirectory: ./.artifacts/pulsar_data
    txretriesonconflict: 0
  pulsetime: 10000
  receivingsigntimeout: 1000
  receivingnumbertimeout: 1000
  receivingvectortimeout: 1000
  receivingsignsforchosentimeout: 0
  neighbours: []
  numberdelta: 10
  distributiontransport:
    protocol: TCP
    address: 0.0.0.0:18091
    fixedpublicaddress: ""
  pulsedistributor:
    bootstraphosts:
    - localhost:53837
    pingrequesttimeout: 1000
    randomhostsrequesttimeout: 1000
    pulserequesttimeout: 1000
    randomnodescount: 5
versionmanager:
  minalowedversion: v0.3.0
keyspath: scripts/insolard/configs/bootstrap_keys.json
certificatepath: ""
tracer:
  jaeger:
    collectorendpoint: ""
    agentendpoint: ""
    probabilityrate: 1
  samplingrules: {}

INFO 2019/04/24 17:35:51 Attempting to read in config file
DEBUG 2019/04/24 17:35:51 Reading file:  scripts/insolard/genesis.yaml
2019-04-24T17:35:51.810856+03:00 DBG log/log.go:95 > ComponentManager: Inject component: keystore.cachedKeyStore
2019-04-24T17:35:51.810911+03:00 DBG log/log.go:95 > ComponentManager: Inject component: keystore.keyStore
2019-04-24T17:35:51.810954+03:00 DBG log/log.go:95 > ComponentManager: Component keystore.keyStore need inject: Loader
2019-04-24T17:35:51.810994+03:00 DBG log/log.go:95 > ComponentManager: Inject interface privatekey.Loader with *privatekey.keyLoader: 
2019-04-24T17:35:51.811044+03:00 DBG log/log.go:95 > ComponentManager: Inject component: privatekey.keyLoader
2019-04-24T17:35:51.811095+03:00 DBG log/log.go:90 > ComponentManager: Start component: keystore.cachedKeyStore
2019-04-24T17:35:51.819732+03:00 DBG log/log.go:95 > ComponentManager: Component keystore.cachedKeyStore started 
2019-04-24T17:35:51.819836+03:00 DBG log/log.go:90 > ComponentManager: Start component: keystore.keyStore
2019-04-24T17:35:51.820006+03:00 DBG log/log.go:95 > ComponentManager: Component keystore.keyStore started 
2019-04-24T17:35:51.820106+03:00 DBG log/log.go:95 > ComponentManager: Component privatekey.keyLoader has no Start method
2019-04-24T17:35:51.820165+03:00 DBG log/log.go:95 > ComponentManager: Inject component: platformpolicy.platformCryptographyScheme
2019-04-24T17:35:51.820221+03:00 DBG log/log.go:95 > ComponentManager: Component platformpolicy.platformCryptographyScheme need inject: HashProvider
2019-04-24T17:35:51.820267+03:00 DBG log/log.go:95 > ComponentManager: Inject interface hash.AlgorithmProvider with *hash.sha3Provider: 
2019-04-24T17:35:51.820307+03:00 DBG log/log.go:95 > ComponentManager: Component platformpolicy.platformCryptographyScheme need inject: SignProvider
2019-04-24T17:35:51.82035+03:00 DBG log/log.go:95 > ComponentManager: Inject interface sign.AlgorithmProvider with *sign.ecdsaProvider: 
2019-04-24T17:35:51.820435+03:00 DBG log/log.go:95 > ComponentManager: Inject component: hash.sha3Provider
2019-04-24T17:35:51.820493+03:00 DBG log/log.go:95 > ComponentManager: Inject component: sign.ecdsaProvider
2019-04-24T17:35:51.82053+03:00 DBG log/log.go:95 > ComponentManager: Component sign.ecdsaProvider need inject: HashProvider
2019-04-24T17:35:51.820576+03:00 DBG log/log.go:95 > ComponentManager: Inject interface hash.AlgorithmProvider with *hash.sha3Provider: 
2019-04-24T17:35:51.820625+03:00 DBG log/log.go:95 > ComponentManager: Inject component: platformpolicy.platformCryptographyScheme
2019-04-24T17:35:51.820668+03:00 DBG log/log.go:95 > ComponentManager: Inject component: keystore.cachedKeyStore
2019-04-24T17:35:51.8207+03:00 DBG log/log.go:95 > ComponentManager: Inject component: cryptography.nodeCryptographyService
2019-04-24T17:35:51.820731+03:00 DBG log/log.go:95 > ComponentManager: Component cryptography.nodeCryptographyService need inject: KeyStore
2019-04-24T17:35:51.820772+03:00 DBG log/log.go:95 > ComponentManager: Inject interface insolar.KeyStore with *keystore.cachedKeyStore: 
2019-04-24T17:35:51.820853+03:00 DBG log/log.go:95 > ComponentManager: Component cryptography.nodeCryptographyService need inject: PlatformCryptographyScheme
2019-04-24T17:35:51.820905+03:00 DBG log/log.go:95 > ComponentManager: Inject interface insolar.PlatformCryptographyScheme with *platformpolicy.platformCryptographyScheme: 
2019-04-24T17:35:51.82094+03:00 DBG log/log.go:95 > ComponentManager: Component cryptography.nodeCryptographyService need inject: KeyProcessor
2019-04-24T17:35:51.820985+03:00 DBG log/log.go:95 > ComponentManager: Inject interface insolar.KeyProcessor with *platformpolicy.keyProcessor: 
2019-04-24T17:35:51.821021+03:00 DBG log/log.go:95 > ComponentManager: Inject component: platformpolicy.keyProcessor
2019/04/24 17:35:51 Replaying from value pointer: {Fid:0 Len:0 Offset:0}
2019/04/24 17:35:51 Iterating file id: 0
2019/04/24 17:35:51 Iteration took: 16.965µs
2019-04-24T17:35:51.824663+03:00 DBG log/log.go:95 > ComponentManager: Inject component: platformpolicy.platformCryptographyScheme
2019-04-24T17:35:51.824733+03:00 DBG log/log.go:95 > ComponentManager: Inject component: cryptography.nodeCryptographyService
2019-04-24T17:35:51.824769+03:00 DBG log/log.go:95 > ComponentManager: Inject component: platformpolicy.keyProcessor
2019-04-24T17:35:51.824802+03:00 DBG log/log.go:95 > ComponentManager: Inject component: certificate.CertificateManager
2019-04-24T17:35:51.824833+03:00 DBG log/log.go:95 > ComponentManager: Component certificate.CertificateManager need inject: CS
2019-04-24T17:35:51.82487+03:00 DBG log/log.go:95 > ComponentManager: Inject interface insolar.CryptographyService with *cryptography.nodeCryptographyService: 
2019-04-24T17:35:51.824904+03:00 DBG log/log.go:95 > ComponentManager: Inject component: blob.DB
2019-04-24T17:35:51.824935+03:00 DBG log/log.go:95 > ComponentManager: Inject component: drop.DB
2019-04-24T17:35:51.824965+03:00 DBG log/log.go:95 > ComponentManager: Inject component: object.RecordDB
2019-04-24T17:35:51.824998+03:00 DBG log/log.go:95 > ComponentManager: Inject component: store.BadgerDB
2019-04-24T17:35:51.825029+03:00 DBG log/log.go:95 > ComponentManager: Inject component: pulse.DB
2019-04-24T17:35:51.825061+03:00 DBG log/log.go:95 > ComponentManager: Component platformpolicy.platformCryptographyScheme has no Init method
2019-04-24T17:35:51.825093+03:00 DBG log/log.go:95 > ComponentManager: Component cryptography.nodeCryptographyService has no Init method
2019-04-24T17:35:51.825125+03:00 DBG log/log.go:95 > ComponentManager: Component platformpolicy.keyProcessor has no Init method
2019-04-24T17:35:51.825156+03:00 DBG log/log.go:95 > ComponentManager: Component certificate.CertificateManager has no Init method
2019-04-24T17:35:51.825188+03:00 DBG log/log.go:95 > ComponentManager: Component blob.DB has no Init method
2019-04-24T17:35:51.825219+03:00 DBG log/log.go:95 > ComponentManager: Component drop.DB has no Init method
2019-04-24T17:35:51.82525+03:00 DBG log/log.go:95 > ComponentManager: Component object.RecordDB has no Init method
2019-04-24T17:35:51.825296+03:00 DBG log/log.go:95 > ComponentManager: Component store.BadgerDB has no Init method
2019-04-24T17:35:51.82533+03:00 DBG log/log.go:95 > ComponentManager: Component pulse.DB has no Init method
2019-04-24T17:35:51.825361+03:00 DBG log/log.go:95 > ComponentManager: Component platformpolicy.platformCryptographyScheme has no Start method
2019-04-24T17:35:51.825398+03:00 DBG log/log.go:95 > ComponentManager: Component cryptography.nodeCryptographyService has no Start method
2019-04-24T17:35:51.825429+03:00 DBG log/log.go:95 > ComponentManager: Component platformpolicy.keyProcessor has no Start method
2019-04-24T17:35:51.825462+03:00 DBG log/log.go:95 > ComponentManager: Component certificate.CertificateManager has no Start method
2019-04-24T17:35:51.825493+03:00 DBG log/log.go:95 > ComponentManager: Component blob.DB has no Start method
2019-04-24T17:35:51.825525+03:00 DBG log/log.go:95 > ComponentManager: Component drop.DB has no Start method
2019-04-24T17:35:51.825557+03:00 DBG log/log.go:95 > ComponentManager: Component object.RecordDB has no Start method
2019-04-24T17:35:51.825588+03:00 DBG log/log.go:95 > ComponentManager: Component store.BadgerDB has no Start method
2019-04-24T17:35:51.825619+03:00 DBG log/log.go:95 > ComponentManager: Component pulse.DB has no Start method
2019-04-24T17:35:51.825658+03:00 INF ledger/genesis/genesis.go:59 > start storage bootstrap
2019-04-24T17:35:51.827261+03:00 INF bootstrap/genesis/genesis.go:93 > [ Genesis ] Starting  ...
2019-04-24T17:35:51.82749+03:00 INF bootstrap/genesis/genesis.go:98 > [ Genesis ] newContractBuilder ...
2019-04-24T17:35:51.827625+03:00 INF bootstrap/genesis/genesis.go:103 > [ Genesis ] buildSmartContracts ...
2019-04-24T17:35:51.82767+03:00 INF bootstrap/genesis/builder.go:78 > [ buildSmartContracts ] building contracts:[wallet member allowance rootdomain nodedomain noderecord]
2019-04-24T17:35:51.829247+03:00 INF bootstrap/genesis/builder.go:84 > [ buildSmartContracts ] Start building contracts ...
2019-04-24T17:35:51.912841+03:00 DBG log/log.go:95 > Building plugin for contract "wallet" in "/var/folders/rc/k90pfm5s3zl09yqv2dxb81vm0000gn/T/test-382153071"
2019-04-24T17:35:53.984711+03:00 DBG log/log.go:95 > Deploying code for contract "wallet"
2019-04-24T17:35:54.127502+03:00 DBG log/log.go:95 > Deployed code "1tJC6gdzVGvqKcpSy2F3yx8b5YsxHweYY8FruvuJYB.1tJChWPAKn2t8ivzAHXfGt1vVW8GLw8TjxqJ1Psjzr" for contract "wallet" in "/var/folders/rc/k90pfm5s3zl09yqv2dxb81vm0000gn/T/test-382153071"
2019-04-24T17:35:54.129118+03:00 DBG log/log.go:95 > Building plugin for contract "member" in "/var/folders/rc/k90pfm5s3zl09yqv2dxb81vm0000gn/T/test-382153071"
2019-04-24T17:35:56.064614+03:00 DBG log/log.go:95 > Deploying code for contract "member"
2019-04-24T17:35:56.232532+03:00 DBG log/log.go:95 > Deployed code "1tJChHW374KdvYp8omYUPWrHrr2cy9ubMagK9vy7Mi.1tJChWPAKn2t8ivzAHXfGt1vVW8GLw8TjxqJ1Psjzr" for contract "member" in "/var/folders/rc/k90pfm5s3zl09yqv2dxb81vm0000gn/T/test-382153071"
2019-04-24T17:35:56.23418+03:00 DBG log/log.go:95 > Building plugin for contract "allowance" in "/var/folders/rc/k90pfm5s3zl09yqv2dxb81vm0000gn/T/test-382153071"
2019-04-24T17:35:58.148365+03:00 DBG log/log.go:95 > Deploying code for contract "allowance"
2019-04-24T17:35:58.311559+03:00 DBG log/log.go:95 > Deployed code "1tJCeaCU57WSrFo1JbEQSMipkopVYmeArseyQvKBRg.1tJChWPAKn2t8ivzAHXfGt1vVW8GLw8TjxqJ1Psjzr" for contract "allowance" in "/var/folders/rc/k90pfm5s3zl09yqv2dxb81vm0000gn/T/test-382153071"
2019-04-24T17:35:58.313135+03:00 DBG log/log.go:95 > Building plugin for contract "rootdomain" in "/var/folders/rc/k90pfm5s3zl09yqv2dxb81vm0000gn/T/test-382153071"
2019-04-24T17:36:02.226172+03:00 DBG log/log.go:95 > Deploying code for contract "rootdomain"
2019-04-24T17:36:02.738311+03:00 DBG log/log.go:95 > Deployed code "1tJCGdnYustMH9YaiVorb1ayg3mF9sBHarYGXD6tM2.1tJChWPAKn2t8ivzAHXfGt1vVW8GLw8TjxqJ1Psjzr" for contract "rootdomain" in "/var/folders/rc/k90pfm5s3zl09yqv2dxb81vm0000gn/T/test-382153071"
2019-04-24T17:36:02.740089+03:00 DBG log/log.go:95 > Building plugin for contract "nodedomain" in "/var/folders/rc/k90pfm5s3zl09yqv2dxb81vm0000gn/T/test-382153071"
2019-04-24T17:36:04.883913+03:00 DBG log/log.go:95 > Deploying code for contract "nodedomain"
2019-04-24T17:36:05.022711+03:00 DBG log/log.go:95 > Deployed code "1tJCqociaadtFdzVuYCeNNzytSc7t8nHQcQmD4zeic.1tJChWPAKn2t8ivzAHXfGt1vVW8GLw8TjxqJ1Psjzr" for contract "nodedomain" in "/var/folders/rc/k90pfm5s3zl09yqv2dxb81vm0000gn/T/test-382153071"
2019-04-24T17:36:05.024378+03:00 DBG log/log.go:95 > Building plugin for contract "noderecord" in "/var/folders/rc/k90pfm5s3zl09yqv2dxb81vm0000gn/T/test-382153071"
2019-04-24T17:36:06.737794+03:00 DBG log/log.go:95 > Deploying code for contract "noderecord"
2019-04-24T17:36:06.871376+03:00 DBG log/log.go:95 > Deployed code "1tJDcgymh7Rc3H6MvLPpwH4SzS6dgexXitivdnxxZ8.1tJChWPAKn2t8ivzAHXfGt1vVW8GLw8TjxqJ1Psjzr" for contract "noderecord" in "/var/folders/rc/k90pfm5s3zl09yqv2dxb81vm0000gn/T/test-382153071"
2019-04-24T17:36:06.872959+03:00 INF bootstrap/genesis/builder.go:89 > [ buildSmartContracts ] Stop building contracts ...
2019-04-24T17:36:06.873037+03:00 INF bootstrap/genesis/genesis.go:109 > [ Genesis ] getKeysFromFile ...
2019-04-24T17:36:06.873267+03:00 INF bootstrap/genesis/genesis.go:115 > [ Genesis ] activateSmartContracts ...
createKeys, skip RemoveAll of /Users/andrey/Documents/repo/go/src/github.com/insolar/insolar/scripts/insolard/reusekeys/discovery
2019-04-24T17:36:06.891333+03:00 INF bootstrap/genesis/genesis.go:121 > [ Genesis ] makeCertificates ...
2019-04-24T17:36:06.895176+03:00 DBG log/log.go:95 > Cleaning build directory "/var/folders/rc/k90pfm5s3zl09yqv2dxb81vm0000gn/T/test-382153071"
2019-04-24T17:36:06.905774+03:00 INF bootstrap/genesis/genesis.go:127 > [ Genesis ] Finished.
2019-04-24T17:36:06.905856+03:00 DBG log/log.go:95 > ComponentManager: Component pulse.DB has no Stop method
2019-04-24T17:36:06.905906+03:00 DBG log/log.go:90 > ComponentManager: Stop component: store.BadgerDB
2019-04-24T17:36:06.910893+03:00 DBG log/log.go:95 > ComponentManager: Component object.RecordDB has no Stop method
2019-04-24T17:36:06.910977+03:00 DBG log/log.go:95 > ComponentManager: Component drop.DB has no Stop method
2019-04-24T17:36:06.911015+03:00 DBG log/log.go:95 > ComponentManager: Component blob.DB has no Stop method
2019-04-24T17:36:06.911051+03:00 DBG log/log.go:95 > ComponentManager: Component certificate.CertificateManager has no Stop method
2019-04-24T17:36:06.911102+03:00 DBG log/log.go:95 > ComponentManager: Component platformpolicy.keyProcessor has no Stop method
2019-04-24T17:36:06.911144+03:00 DBG log/log.go:95 > ComponentManager: Component cryptography.nodeCryptographyService has no Stop method
2019-04-24T17:36:06.911181+03:00 DBG log/log.go:95 > ComponentManager: Component platformpolicy.platformCryptographyScheme has no Stop method
